% BatcherQueue	CReqBatcher	Replica-0-Forward	Replica-1-Forward	Replica-2-Forward	Replica-3-Forward	Replica-4-Forward	Replica-5-Forward	Replica-6-Forward	ReplicaIOSnd-1	ReplicaIOSnd-2	ReplicaIOSnd-3	ReplicaIOSnd-4	ReplicaIOSnd-5	ReplicaIOSnd-6	ReqManExec	pendingCReqs	pendingProposals	alpha
10202	0	0	1	1	1	1	1	0	0	0	0	0	0	0	0	0	1	0	0
10402	0	0	0	0	0	1	0	1	1	0	0	0	0	0	0	0	4	0	0
10602	0	0	0	1	0	1	1	0	0	0	0	0	0	0	0	0	4	0	0
10802	0	0	1	0	1	1	0	1	0	0	0	0	0	0	0	0	4	0	0
11003	0	0	0	1	0	0	1	0	1	0	0	0	0	0	0	0	4	0	0
11203	0	0	1	0	1	1	0	1	1	0	0	0	0	0	0	0	4	0	0
11403	0	0	1	1	0	0	1	1	1	0	0	0	0	0	0	0	4	0	0
11603	0	0	1	0	1	1	1	1	0	0	0	0	0	0	0	0	4	0	0
11803	0	0	1	1	1	0	1	1	1	0	0	0	0	0	0	0	0	0	0
12003	0	0	0	1	1	1	1	0	1	0	0	0	0	0	0	0	4	0	0
12203	0	0	1	1	1	0	1	1	1	0	0	0	0	0	0	0	4	0	0
12404	0	0	1	1	0	1	1	0	0	0	0	0	0	0	0	0	4	0	0
12604	0	0	1	1	0	0	1	1	1	0	0	0	0	0	0	0	4	0	0
12804	0	0	1	1	1	1	1	0	0	0	0	0	0	0	0	0	4	0	0
13004	0	0	1	0	1	1	1	1	1	0	0	0	0	0	0	0	4	0	0
13204	0	0	0	1	1	0	1	0	0	0	0	0	0	0	0	0	4	0	0
13404	0	0	1	0	0	1	1	0	0	0	0	0	0	0	0	0	1	0	0
13604	0	0	1	1	1	1	0	0	1	0	0	0	0	0	0	0	4	0	0
13804	0	0	1	1	0	1	1	1	0	0	0	0	0	0	0	0	4	0	1
14004	0	0	0	0	1	0	0	0	1	0	0	0	0	0	0	0	4	0	0
14205	0	0	1	1	1	1	0	1	1	0	0	0	0	0	0	0	4	0	0
14405	0	0	1	1	0	1	1	0	0	0	0	0	0	0	0	0	4	0	0
14605	0	0	1	1	1	1	0	1	1	0	0	0	0	0	0	0	4	0	0
14805	1	0	1	1	1	1	1	1	0	0	0	0	0	0	0	0	4	0	0
15005	0	0	1	0	1	1	0	1	1	0	0	0	0	0	0	0	4	0	0
15205	0	0	0	0	1	1	1	0	0	0	0	0	0	0	0	0	4	0	0
15405	0	0	1	1	0	1	0	1	1	0	0	0	0	0	0	0	2	0	0
15605	0	0	1	0	1	1	1	1	1	0	0	0	0	0	0	0	4	0	0
15805	0	0	1	1	0	0	1	1	0	0	0	0	0	0	0	0	2	0	0
16006	0	0	0	0	1	1	0	0	1	0	0	0	0	0	0	0	4	0	0
16206	0	0	1	1	1	1	1	1	1	0	0	0	0	0	0	0	4	0	0
16406	0	0	1	1	1	1	1	1	0	0	0	0	0	0	0	0	4	0	0
16606	0	0	0	0	1	0	0	1	1	0	0	0	0	0	0	0	4	0	0
16806	0	0	1	1	1	1	1	0	1	0	0	0	0	0	0	0	4	0	0
17006	0	0	0	1	1	1	1	1	1	0	0	0	0	0	0	0	4	0	0
17206	0	0	1	1	0	0	1	0	1	0	0	0	0	0	0	0	4	0	0
17406	0	0	0	1	0	1	1	1	1	0	0	0	0	0	0	0	4	0	1
17607	0	0	1	1	1	1	1	1	1	0	0	0	0	0	0	0	4	0	0
17807	0	0	1	0	1	0	0	0	1	0	0	0	0	0	0	0	4	0	0
18007	0	0	1	1	0	1	0	1	1	0	0	0	0	0	0	0	1	0	0
18207	0	0	1	1	1	1	1	1	1	0	0	0	0	0	0	0	4	0	0
18407	0	0	0	1	0	1	0	1	0	0	0	0	0	0	0	0	4	0	0
18607	0	0	1	0	1	0	1	1	1	0	0	0	0	0	0	0	4	0	0
18807	0	0	1	1	1	0	1	1	1	0	0	0	0	0	0	0	4	0	0
19007	0	0	1	1	0	0	1	1	1	0	0	0	0	0	0	0	0	0	0
19207	0	0	0	1	0	1	0	1	1	0	0	0	0	0	0	0	4	0	0
19408	0	0	1	1	0	0	1	1	1	0	0	0	0	0	0	0	4	0	0
19608	0	0	0	0	1	1	0	0	0	0	0	0	0	0	0	0	4	0	0
19808	1	0	0	1	0	1	0	1	1	0	0	0	0	0	0	0	4	0	0
20008	0	0	1	1	1	1	1	0	1	0	0	0	0	0	0	0	4	0	0
20208	0	0	0	0	0	1	0	1	1	0	0	0	0	0	0	0	4	0	0
20408	0	0	1	1	1	1	1	1	0	0	0	0	0	0	0	0	4	0	0
20608	0	0	1	0	1	1	1	1	1	0	0	0	0	0	0	0	4	0	0
20808	0	0	1	1	1	1	1	0	1	0	0	0	0	0	0	0	4	0	0
21009	0	0	0	1	1	1	0	0	0	0	0	0	0	0	0	0	4	0	0
21209	0	0	0	1	1	1	1	1	1	0	0	0	0	0	0	0	4	0	0
21409	0	0	1	0	0	1	0	1	0	0	0	0	0	0	0	0	0	0	0
21609	0	0	0	0	1	1	1	0	1	0	0	0	0	0	0	0	4	0	0
21809	0	0	1	1	1	0	1	1	0	0	0	0	0	0	0	0	4	0	0
22009	0	0	1	0	1	1	1	1	1	0	0	0	0	0	0	0	4	0	0
22209	0	0	1	1	0	1	0	1	0	0	0	0	0	0	0	0	4	0	0
22409	0	0	1	0	1	1	1	1	1	0	0	0	0	0	0	0	4	0	0
22610	0	0	1	1	1	1	0	0	0	0	0	0	0	0	0	0	4	0	0
22810	0	0	1	1	1	1	1	1	1	0	0	0	0	0	0	0	4	0	0
23010	0	0	1	1	1	1	1	1	1	0	0	0	0	0	0	0	4	0	0
23210	0	0	0	1	1	0	1	0	0	0	0	0	0	0	0	0	4	0	0
23410	0	0	0	1	1	0	0	0	1	0	0	0	0	0	0	0	4	0	0
23610	0	0	1	0	0	1	1	1	1	0	0	0	0	0	0	0	4	0	0
23810	0	0	1	1	1	0	1	0	1	0	0	0	0	0	0	0	4	0	0
24011	0	0	1	0	1	0	0	1	0	0	0	0	0	0	0	0	4	0	0
24211	0	0	0	1	1	0	0	1	1	0	0	0	0	0	0	0	4	0	0
24411	0	0	0	1	1	1	0	0	0	0	0	0	0	0	0	0	4	0	0
24611	0	0	1	0	1	1	1	1	1	0	0	0	0	0	0	0	4	0	0
24811	0	0	1	1	1	0	1	1	1	0	0	0	0	0	0	0	4	0	0
25011	0	0	1	1	1	1	1	1	0	0	0	0	0	0	0	0	4	0	0
25211	0	0	0	1	1	1	1	1	0	0	0	0	0	0	0	0	4	0	0
25411	0	0	1	0	1	1	0	1	1	0	0	0	0	0	0	0	4	0	0
25611	0	0	1	1	1	0	1	0	0	0	0	0	0	0	0	0	4	0	0
25812	0	0	1	1	1	1	0	1	1	0	0	0	0	0	0	0	4	0	0
26012	0	0	1	1	1	1	1	0	0	0	0	0	0	0	0	0	4	0	0
26212	0	0	1	1	1	1	1	1	1	0	0	0	0	0	0	0	4	0	0
26412	0	0	0	1	0	1	1	1	0	0	0	0	0	0	0	0	4	0	0
26612	0	0	1	1	1	1	0	1	1	0	0	0	0	0	0	0	4	0	0
26812	0	0	0	0	1	1	1	0	0	0	0	0	0	0	0	0	4	0	0
27012	0	0	1	1	0	0	0	1	1	0	0	0	0	0	0	0	4	0	0
27212	0	0	1	0	1	1	1	0	1	0	0	0	0	0	0	0	4	0	0
27413	0	0	0	1	0	1	0	1	0	0	0	0	0	0	0	0	4	0	0
27613	0	0	1	1	0	1	1	0	0	0	0	0	0	0	0	0	4	0	0
27813	0	0	1	0	1	1	0	1	1	0	0	0	0	0	0	0	4	0	0
28013	0	0	1	1	0	1	1	0	1	0	0	0	0	0	0	0	4	0	0
28213	0	0	1	0	1	1	0	1	0	0	0	0	0	0	0	0	4	0	0
28413	0	0	0	1	1	0	1	0	1	0	0	0	0	0	0	0	4	0	0
28613	0	0	1	0	1	1	0	1	1	0	0	0	0	0	0	0	4	0	0
28814	0	0	1	1	1	1	1	1	1	0	0	0	0	0	0	0	4	0	0
29014	0	0	1	1	1	0	1	0	1	0	0	0	0	0	0	0	4	0	0
29214	0	0	1	1	0	1	1	1	1	0	0	0	0	0	0	0	4	0	0
29414	0	0	1	1	1	1	0	0	1	0	0	0	0	0	0	0	4	0	0
29614	0	0	1	1	1	1	1	1	0	0	0	0	0	0	0	0	4	0	0
29814	0	0	1	0	1	1	1	0	1	0	0	0	0	0	0	0	4	0	0
30014	0	0	1	1	0	0	0	0	1	0	0	0	0	0	0	0	4	0	0
30214	0	0	1	0	1	1	0	1	1	0	0	0	0	0	0	0	4	0	0
30415	0	0	1	1	1	0	0	1	1	0	0	0	0	0	0	0	4	0	0
30615	0	0	0	0	1	1	1	1	1	0	0	0	0	0	0	0	4	0	0
30815	0	0	1	1	0	0	0	1	1	0	0	0	0	0	0	0	4	0	0
31015	0	0	0	1	1	1	1	0	0	0	0	0	0	0	0	0	4	0	0
31215	0	0	1	1	0	1	1	1	1	0	0	0	0	0	0	0	4	0	0
31415	0	0	1	0	1	0	1	1	0	0	0	0	0	0	0	0	4	0	0
31615	0	0	1	1	0	1	1	1	1	0	0	0	0	0	0	0	4	0	0
31815	0	0	1	1	1	0	1	0	1	0	0	0	0	0	0	0	4	0	0
32016	0	0	1	1	1	0	1	1	0	0	0	0	0	0	0	0	4	0	0
32216	0	0	1	2	1	1	1	1	1	0	0	0	0	0	0	0	4	0	0
32416	0	0	0	1	0	1	0	1	1	0	0	0	0	0	0	0	4	0	0
32616	0	0	1	0	1	0	0	0	0	0	0	0	0	0	0	0	4	0	0
32816	0	0	0	1	1	1	1	1	0	0	0	0	0	0	0	0	4	0	0
33016	0	0	0	1	0	0	0	0	1	0	0	0	0	0	0	0	4	0	0
33216	0	0	1	0	0	1	1	1	0	0	0	0	0	0	0	0	0	0	0
33416	0	0	0	1	1	0	0	1	1	0	0	0	0	0	0	0	4	0	0
33616	0	0	1	0	1	1	0	0	0	0	0	0	0	0	0	0	0	0	0
33817	0	0	1	1	1	1	1	0	1	0	0	0	0	0	0	0	4	0	0
34017	0	0	1	0	0	0	1	1	1	0	0	0	0	0	0	0	0	0	0
34217	0	0	1	1	1	1	1	0	0	0	0	0	0	0	0	0	4	0	0
34417	0	0	1	1	1	1	0	1	1	0	0	0	0	0	0	0	4	0	0
34617	0	0	1	1	1	1	1	0	0	0	0	0	0	0	0	0	4	0	0
34817	0	0	1	1	1	0	0	1	1	0	0	0	0	0	0	0	4	0	1
35017	0	0	1	1	1	1	1	1	1	0	0	0	0	0	0	0	4	0	0
35218	0	0	0	1	1	0	1	0	0	0	0	0	0	0	0	0	4	0	0
35418	0	0	0	1	0	1	1	1	1	0	0	0	0	0	0	0	4	0	0
35618	0	0	1	1	1	0	1	1	1	0	0	0	0	0	0	0	4	0	0
35818	0	0	0	0	0	1	1	1	1	0	0	0	0	0	0	0	4	0	0
36018	0	0	1	1	1	1	0	1	1	0	0	0	0	0	0	0	4	0	0
36218	0	0	1	1	0	0	1	1	1	0	0	0	0	0	0	0	4	0	0
36418	0	0	1	1	1	1	1	0	1	0	0	0	0	0	0	0	4	0	0
36618	0	0	1	0	1	0	0	0	0	0	0	0	0	0	0	0	4	0	0
36818	0	0	1	1	1	0	1	1	1	0	0	0	0	0	0	0	4	0	0
37019	0	0	1	0	1	1	1	1	0	0	0	0	0	0	0	0	4	0	0
37219	0	0	1	1	0	1	1	1	1	0	0	0	0	0	0	0	4	0	0
37419	0	0	0	1	0	0	1	0	1	0	0	0	0	0	0	0	4	0	0
37619	0	0	1	1	1	1	0	1	1	0	0	0	0	0	0	0	4	0	0
37819	0	0	1	0	0	1	1	0	1	0	0	0	0	0	0	0	4	0	0
38019	0	0	0	1	1	0	0	1	1	0	0	0	0	0	0	0	4	0	0
38219	0	0	1	1	0	1	1	1	0	0	0	0	0	0	0	0	4	0	0
38419	0	0	0	0	1	0	0	1	1	0	0	0	0	0	0	0	4	0	0
38619	0	0	1	1	0	0	1	0	1	0	0	0	0	0	0	0	4	0	0
38820	0	0	1	0	0	1	1	1	0	0	0	0	0	0	0	0	4	0	0
39020	0	0	0	1	1	0	0	1	1	0	0	0	0	0	0	0	4	0	0
39220	0	0	1	1	1	1	0	0	1	0	0	0	0	0	0	0	4	0	0
39420	0	0	0	0	1	1	1	0	0	0	0	0	0	0	0	0	4	0	0
39620	0	0	1	1	1	0	1	1	1	0	0	0	0	0	0	0	2	0	0
39820	0	0	0	0	0	1	1	0	0	0	0	0	0	0	0	0	4	0	0
40020	0	0	1	1	1	1	1	1	1	0	0	0	0	0	0	0	4	0	0
40220	0	0	1	1	1	1	1	0	1	0	0	0	0	0	0	0	4	0	0
40421	0	0	1	1	1	1	0	1	0	0	0	0	0	0	0	0	4	0	0
40621	0	0	1	1	1	1	1	1	1	0	0	0	0	0	0	0	4	0	0
40821	0	0	1	1	0	1	1	0	1	0	0	0	0	0	0	0	4	0	0
41021	0	0	1	1	0	1	0	1	1	0	0	0	0	0	0	0	4	0	0
41221	0	0	1	1	1	0	1	0	0	0	0	0	0	0	0	0	4	0	0
41421	0	0	1	0	0	0	0	1	1	0	0	0	0	0	0	0	4	0	0
41621	0	0	1	1	1	1	1	0	1	0	0	0	0	0	0	0	4	0	0
41821	0	0	1	0	0	0	1	1	0	0	0	0	0	0	0	0	4	0	0
42021	0	0	1	1	1	0	0	0	1	0	0	0	0	0	0	0	4	0	0
42221	0	0	1	1	0	1	1	1	1	0	0	0	0	0	0	0	4	0	0
42422	0	0	1	1	1	0	1	1	1	0	0	0	0	0	0	0	4	0	0
42622	0	0	1	1	1	1	0	1	0	0	0	0	0	0	0	0	4	0	0
42822	0	0	1	0	1	1	1	0	1	0	0	0	0	0	0	0	4	0	0
43022	0	0	0	0	1	1	0	1	0	0	0	0	0	0	0	0	2	0	0
43222	0	0	0	1	1	0	1	0	1	0	0	0	0	0	0	0	4	0	0
43422	0	0	1	1	1	0	0	1	1	0	0	0	0	0	0	0	4	0	0
43622	0	0	1	0	0	1	1	1	1	0	0	0	0	0	0	0	4	0	1
43822	0	0	0	1	0	1	1	1	0	0	0	0	0	0	0	0	4	0	0
44022	0	0	1	1	1	1	1	1	1	0	0	0	0	0	0	0	4	0	0
44223	0	0	0	1	0	1	0	1	0	0	0	0	0	0	0	0	4	0	0
44423	0	0	1	1	1	1	1	1	1	0	0	0	0	0	0	0	4	0	0
44623	0	0	1	0	1	1	1	0	0	0	0	0	0	0	0	0	4	0	0
44823	0	0	1	1	1	1	1	1	1	0	0	0	0	0	0	0	4	0	0
45023	0	0	1	1	1	1	1	1	0	0	0	0	0	0	0	0	3	0	0
45223	0	0	0	1	1	1	1	0	0	0	0	0	0	0	0	0	4	0	0
45423	0	0	1	1	1	1	1	0	1	0	0	0	0	0	0	0	4	0	0
45623	0	0	0	1	1	0	1	0	0	0	0	0	0	0	0	0	4	0	0
45823	0	0	0	1	0	1	1	0	1	0	0	0	0	0	0	0	4	0	0
46023	0	0	0	1	1	1	1	0	0	0	0	0	0	0	0	0	4	0	0
46224	0	0	1	1	1	1	1	1	1	0	0	0	0	0	0	0	4	0	0
46424	0	0	1	1	0	0	1	1	0	0	0	0	0	0	0	0	1	0	0
46624	0	0	1	0	0	1	1	0	1	0	0	0	0	0	0	0	4	0	0
46824	0	0	0	1	1	1	0	1	0	0	0	0	0	0	0	0	4	0	0
47024	0	0	1	1	0	0	1	1	1	0	0	0	0	0	0	0	4	0	0
47224	0	0	1	0	0	0	1	0	0	0	0	0	0	0	0	0	4	0	0
47424	0	0	1	1	1	1	1	1	1	0	0	0	0	0	0	0	4	0	0
47624	0	0	1	1	0	0	0	1	1	0	0	0	0	0	0	0	4	0	0
47825	0	0	1	1	1	1	1	1	1	0	0	0	0	0	0	0	4	0	0
48025	0	0	0	0	0	0	1	0	1	0	0	0	0	0	0	0	4	0	0
48225	0	0	0	1	0	1	1	1	0	0	0	0	0	0	0	0	4	0	0
48425	0	0	1	0	1	1	0	1	1	0	0	0	0	0	0	0	4	0	0
48625	0	0	0	1	1	0	1	0	0	0	0	0	0	0	0	0	4	0	0
48825	0	0	1	0	0	1	1	1	1	0	0	0	0	0	0	0	4	0	0
49025	0	0	1	1	0	1	0	1	0	0	0	0	0	0	0	0	4	0	0
49225	0	0	1	0	1	0	1	0	1	0	0	0	0	0	0	0	3	0	0
49425	1	0	0	1	1	1	0	0	0	0	0	0	0	0	0	0	4	0	0
49626	0	0	1	0	1	1	1	1	1	0	0	0	0	0	0	0	4	0	0
49826	0	0	0	1	0	0	1	1	1	0	0	0	0	0	0	0	4	0	0
50026	0	0	0	0	1	1	1	1	0	0	0	0	0	0	0	0	4	0	0
50226	0	0	1	0	1	1	0	1	1	0	0	0	0	0	0	0	4	0	0
50426	0	0	1	1	0	0	1	1	0	0	0	0	0	0	0	0	4	0	0
50626	0	0	1	0	1	1	0	1	1	0	0	0	0	0	0	0	4	0	0
50826	0	0	1	0	1	1	1	0	0	0	0	0	0	0	0	0	4	0	0
51026	0	0	1	0	1	1	1	1	1	0	0	0	0	0	0	0	4	0	0
51226	0	0	1	1	1	0	1	0	0	0	0	0	0	0	0	0	4	0	0
51427	0	0	0	0	1	1	0	1	1	0	0	0	0	0	0	0	4	0	0
51627	0	0	1	0	1	1	1	1	0	0	0	0	0	0	0	0	4	0	0
51827	0	0	0	1	1	0	1	0	1	0	0	0	0	0	0	0	4	0	0
52027	0	0	1	0	0	0	0	1	0	0	0	0	0	0	0	0	0	0	0
52227	0	0	1	1	0	0	1	1	1	0	0	0	0	0	0	0	4	0	0
52427	0	0	1	1	1	1	0	1	0	0	0	0	0	0	0	0	4	0	0
52627	0	0	1	0	1	1	1	0	1	0	0	0	0	0	0	0	4	0	0
52827	0	0	0	1	1	0	1	1	0	0	0	0	0	0	0	0	4	0	0
53027	0	0	1	0	0	1	0	1	1	0	0	0	0	0	0	0	4	0	0
53227	0	0	1	1	1	1	1	1	0	0	0	0	0	0	0	0	4	0	0
53428	0	0	0	0	0	0	1	0	1	0	0	0	0	0	0	0	4	0	0
53628	0	0	0	1	1	1	1	1	0	0	0	0	0	0	0	0	4	0	0
53828	0	0	1	0	0	1	1	1	1	0	0	0	0	0	0	0	4	0	0
54028	0	0	1	1	1	1	1	1	1	0	0	0	0	0	0	0	4	0	1
54228	0	0	1	1	1	1	1	0	0	0	0	0	0	0	0	0	0	0	0
54428	0	0	0	1	1	0	1	1	1	0	0	0	0	0	0	0	4	0	0
54628	0	0	1	0	1	1	0	1	0	0	0	0	0	0	0	0	4	0	0
54828	0	0	1	1	0	1	1	1	1	0	0	0	0	0	0	0	3	0	0
55028	0	0	1	1	1	1	1	0	0	0	0	0	0	0	0	0	4	0	0
55229	0	0	1	0	1	1	1	0	1	0	0	0	0	0	0	0	4	0	0
55429	0	0	1	0	0	0	0	1	1	0	0	0	0	0	0	0	4	0	0
55629	0	0	0	1	0	1	1	0	0	0	0	0	0	0	0	0	4	0	0
55829	0	0	1	1	1	0	1	1	1	0	0	0	0	0	0	0	4	0	0
56029	0	0	1	1	0	1	1	0	0	0	0	0	0	0	0	0	4	0	0
56229	0	0	0	0	1	1	1	1	1	0	0	0	0	0	0	0	4	0	0
56429	0	0	1	1	0	1	1	0	1	0	0	0	0	0	0	0	4	0	0
56629	0	0	1	0	1	1	1	1	1	0	0	0	0	0	0	0	4	0	0
56829	0	0	0	1	0	1	1	1	1	0	0	0	0	0	0	0	4	0	0
57030	0	0	0	1	0	1	1	1	0	0	0	0	0	0	0	0	4	0	0
57230	0	0	0	0	1	0	1	0	1	0	0	0	0	0	0	0	4	0	0
57430	0	0	0	1	1	0	1	1	1	0	0	0	0	0	0	0	4	0	0
57630	0	0	1	0	1	1	0	1	1	0	0	0	0	0	0	0	4	0	0
57830	0	0	1	1	1	1	1	1	1	0	0	0	0	0	0	0	4	0	0
58030	0	0	1	0	1	1	1	0	0	0	0	0	0	0	0	0	4	0	0
58230	0	0	1	1	1	1	1	1	1	0	0	0	0	0	0	0	4	0	0
58430	0	0	1	1	0	1	1	0	1	0	0	0	0	0	0	0	4	0	0
58630	0	0	1	1	0	1	1	1	1	0	0	0	0	0	0	0	4	0	0
58830	0	0	1	1	0	1	1	1	1	0	0	0	0	0	0	0	4	0	0
59031	0	0	1	0	1	0	1	0	1	0	0	0	0	0	0	0	4	0	0
59231	0	0	1	0	1	0	1	1	0	0	0	0	0	0	0	0	4	0	0
59431	0	0	1	1	1	1	0	0	1	0	0	0	0	0	0	0	4	0	0
59631	0	0	1	0	0	1	0	1	1	0	0	0	0	0	0	0	4	0	0
59831	0	0	0	1	0	0	1	1	1	0	0	0	0	0	0	0	4	0	0
60031	0	0	1	1	1	1	1	1	1	0	0	0	0	0	0	0	4	0	0
60231	0	0	1	0	1	1	1	1	1	0	0	0	0	0	0	0	4	0	0
60431	0	0	0	1	1	1	1	1	1	0	0	0	0	0	0	0	4	0	0
60631	0	0	1	0	0	1	1	1	0	0	0	0	0	0	0	0	0	0	0
60831	0	0	0	1	1	0	1	0	0	0	0	0	0	0	0	0	4	0	0
61032	0	0	1	1	0	1	0	1	1	0	0	0	0	0	0	0	4	0	0
61232	0	0	1	1	1	0	1	1	1	0	0	0	0	0	0	0	4	0	0
61432	0	0	1	1	0	1	1	1	1	0	0	0	0	0	0	0	4	0	0
61632	0	0	1	1	1	1	0	1	0	0	0	0	0	0	0	0	4	0	0
61832	0	0	1	0	0	0	1	0	1	0	0	0	0	0	0	0	4	0	0
62032	0	0	0	0	0	1	0	1	0	0	0	0	0	0	0	0	4	0	0
62232	0	0	0	0	0	1	1	0	1	0	0	0	0	0	0	0	4	0	0
62432	0	0	0	1	1	0	0	1	0	0	0	0	0	0	0	0	4	0	0
62632	0	0	1	1	0	0	1	1	1	0	0	0	0	0	0	0	4	0	0
62832	0	0	1	1	1	0	1	0	0	0	0	0	0	0	0	0	4	0	0
63033	0	0	1	0	1	1	1	1	1	0	1	0	1	1	1	0	4	0	1
63233	0	0	1	1	1	0	0	1	0	0	0	0	0	0	0	0	4	0	0
63433	0	0	1	0	1	1	0	0	1	0	0	0	0	0	0	0	0	0	0
63633	0	0	1	1	1	0	1	1	0	0	0	0	0	0	0	0	4	0	0
63833	0	0	0	0	0	1	1	1	1	0	0	0	0	0	0	0	4	0	0
64033	0	0	1	1	1	0	0	1	0	0	0	0	0	0	0	0	2	0	0
64233	0	0	0	0	1	1	1	0	1	0	0	0	0	0	0	0	4	0	0
64433	0	0	0	0	1	1	1	0	0	0	0	0	0	0	0	0	4	0	0
64633	0	0	1	1	1	1	1	1	0	0	0	0	0	0	0	0	4	0	0
64834	0	0	0	0	1	1	0	0	1	0	0	0	0	0	0	0	4	0	0
65034	0	0	1	1	1	0	1	1	0	0	0	0	0	0	0	0	0	0	0
65234	0	0	1	0	1	1	1	0	1	0	0	0	0	0	0	0	4	0	0
65434	0	0	1	1	1	0	0	1	0	0	0	0	0	0	0	0	4	0	0
65634	0	0	0	1	0	1	0	1	1	0	0	0	0	0	0	0	4	0	0
65834	0	0	1	0	0	0	1	1	0	0	0	0	0	0	0	0	0	0	0
66034	0	0	0	0	1	0	0	0	1	0	0	0	0	0	0	0	4	0	0
66234	0	0	1	0	0	1	1	1	0	0	0	0	0	0	0	0	4	0	0
66435	0	0	1	1	1	0	1	1	1	0	0	0	0	0	0	0	4	0	0
66635	0	0	1	1	1	1	0	1	1	0	0	0	0	0	0	0	4	0	0
66835	0	0	0	1	0	1	1	1	1	0	0	0	0	0	0	0	4	0	0
67035	0	0	1	1	1	1	0	0	1	0	0	0	0	0	0	0	4	0	0
67235	0	0	1	0	0	1	0	1	1	0	0	0	0	0	0	0	2	0	0
67435	0	0	0	1	1	1	1	0	1	0	0	0	0	0	0	0	4	0	0
67635	0	0	1	0	1	0	1	1	0	0	0	0	0	0	0	0	4	0	0
67835	0	0	0	0	1	1	0	1	1	0	0	0	0	0	0	0	4	0	0
68035	0	0	1	1	0	1	1	0	1	0	0	0	0	0	0	0	4	0	0
68236	0	0	0	1	1	1	0	0	1	0	0	0	0	0	0	0	4	0	0
68436	0	0	0	0	0	1	1	1	0	0	0	0	0	0	0	0	4	0	0
68636	0	0	1	1	1	1	1	1	1	0	0	0	0	0	0	0	4	0	0
68836	0	0	0	1	0	1	1	1	1	0	0	0	0	0	0	0	4	0	0
69036	0	0	1	1	1	1	1	0	1	0	0	0	0	0	0	0	4	0	0
69236	0	0	1	1	1	0	1	1	0	0	0	0	0	0	0	0	4	0	0
69436	0	0	1	0	1	1	1	1	1	0	0	0	0	0	0	0	4	0	0
69636	0	0	0	1	1	1	1	1	0	0	0	0	0	0	0	0	4	0	0
69836	0	0	1	1	1	0	1	0	1	0	0	0	0	0	0	0	4	0	0
70036	0	0	0	0	1	1	0	0	0	0	0	0	0	0	0	0	4	0	0
70236	0	0	1	1	1	1	0	1	1	0	0	0	0	0	0	0	4	0	0
70437	0	0	1	1	1	1	1	0	0	0	0	0	0	0	0	0	4	0	0
70637	0	0	0	1	0	1	0	1	1	0	0	0	0	0	0	0	4	0	0
70837	0	0	1	0	1	0	1	1	0	0	0	0	0	0	0	0	4	0	0
71037	0	0	0	0	0	1	0	1	1	0	0	0	0	0	0	0	4	0	0
71237	0	0	1	1	1	0	1	1	0	0	0	0	0	0	0	0	4	0	0
71437	0	0	1	1	1	0	1	0	1	0	0	0	0	0	0	0	4	0	0
71637	0	0	1	1	0	1	0	1	0	0	0	0	0	0	0	0	4	0	0
71837	0	0	0	1	0	0	1	1	0	0	0	0	0	0	0	0	4	0	0
72037	0	0	1	1	1	0	0	1	1	0	0	0	0	0	0	0	4	0	0
72238	0	0	0	0	0	1	0	1	0	0	0	0	0	0	0	0	4	0	0
72438	0	0	1	1	1	1	1	1	1	0	0	0	0	0	0	0	4	0	0
72638	0	0	0	1	1	1	1	1	0	0	0	0	0	0	0	0	4	0	0
72838	0	0	1	1	1	0	1	1	1	0	0	0	0	0	0	0	4	0	0
73038	0	0	1	1	1	1	0	0	1	0	0	0	0	0	0	0	4	0	0
73238	0	0	1	0	1	1	1	0	1	0	0	0	0	0	0	0	4	0	0
73438	0	0	0	1	0	0	0	0	0	0	0	0	0	0	0	0	4	0	0
73638	0	0	1	1	0	0	1	1	1	0	0	0	0	0	0	0	4	0	0
73838	0	0	1	1	1	1	1	1	1	0	0	0	0	0	0	0	4	0	0
74038	0	0	1	1	1	1	0	1	0	0	0	0	0	0	0	0	4	0	0
74239	0	0	0	1	1	0	1	0	1	0	0	0	0	0	0	0	4	0	0
74439	0	0	1	0	1	1	0	1	1	0	0	0	0	0	0	0	4	0	0
74639	0	0	1	1	0	1	1	0	1	0	0	0	0	0	0	0	4	0	0
74839	0	0	0	1	0	0	0	1	1	0	0	0	0	0	0	0	4	0	0
75039	0	0	0	0	1	1	1	0	0	0	0	0	0	0	0	0	4	0	0
75239	0	0	1	1	1	1	1	0	1	0	0	0	0	0	0	0	4	0	0
75439	0	0	1	1	1	0	0	1	1	0	0	0	0	0	0	0	4	0	0
75639	0	0	1	0	1	1	0	1	1	0	0	0	0	0	0	0	1	0	0
75839	0	0	0	0	1	1	1	0	1	0	0	0	0	0	0	0	4	0	0
76039	0	0	1	1	1	1	0	1	1	0	0	0	0	0	0	0	4	0	0
76240	0	0	1	1	1	1	1	1	0	0	0	0	0	0	0	0	4	0	0
76440	0	0	0	1	0	0	0	1	1	0	0	0	0	0	0	0	4	0	0
76640	0	0	1	1	1	1	0	1	1	0	0	0	0	0	0	0	4	0	0
76840	0	0	1	1	1	1	1	1	0	0	0	0	0	0	0	0	4	0	0
77040	0	0	1	1	1	0	1	0	1	0	0	0	0	0	0	0	4	0	0
77240	0	0	1	0	0	1	1	1	1	0	0	0	0	0	0	0	4	0	0
77440	0	0	1	0	1	1	1	1	0	0	0	0	0	0	0	0	2	0	0
77640	0	0	1	1	1	0	0	0	1	0	0	0	0	0	0	0	4	0	0
77840	0	0	1	1	1	1	1	1	1	0	0	0	0	0	0	0	4	0	0
78040	0	0	1	1	1	0	1	0	1	0	0	0	0	0	0	0	4	0	0
78240	0	0	1	1	1	1	1	1	0	0	0	0	0	0	0	0	4	0	0
78441	0	0	1	1	1	1	1	1	1	0	0	0	0	0	0	0	4	0	0
78641	0	0	0	0	0	1	1	0	1	0	0	0	0	0	0	0	4	0	0
78841	0	0	1	1	1	1	1	1	0	0	0	0	0	0	0	0	4	0	0
79041	0	0	0	1	0	0	1	1	1	0	0	0	0	0	0	0	4	0	0
79241	0	0	1	1	1	1	0	1	0	0	0	0	0	0	0	0	4	0	1
79441	0	0	1	1	0	0	1	1	1	0	0	0	0	0	0	0	4	0	0
79641	0	0	0	1	1	1	1	0	1	0	0	0	0	0	0	0	4	0	0
79841	0	0	0	1	1	1	0	0	1	0	0	0	0	0	0	0	4	0	0
80041	0	0	1	1	0	1	1	1	0	0	0	0	0	0	0	0	4	0	0
80242	0	0	1	1	1	1	0	1	1	0	0	0	0	0	0	0	4	0	0
80442	0	0	0	0	1	1	1	1	0	0	0	0	0	0	0	0	4	0	0
80642	0	0	0	1	0	0	1	0	0	0	0	0	0	0	0	0	0	0	0
80842	0	0	0	0	1	1	0	1	0	0	0	0	0	0	0	0	4	0	0
81042	0	0	1	1	1	1	1	1	0	0	0	0	0	0	0	0	4	0	0
81242	0	0	1	1	0	1	1	0	1	0	0	0	0	0	0	0	4	0	0
81442	0	0	0	0	1	1	1	1	0	0	0	0	0	0	0	0	4	0	0
81642	0	0	1	1	1	1	1	0	0	0	0	0	0	0	0	0	4	0	0
81842	0	0	0	0	1	1	1	1	1	0	0	0	0	0	0	0	4	0	0
82043	0	0	1	1	1	0	1	1	0	0	0	0	0	0	0	0	4	0	0
82243	0	0	0	0	1	1	0	0	1	0	0	0	0	0	0	0	4	0	0
82443	0	0	1	1	0	1	1	0	0	0	0	0	0	0	0	0	4	0	0
82643	0	0	1	1	0	1	0	1	0	0	0	0	0	0	0	0	4	0	0
82843	0	0	1	1	1	1	1	1	0	0	0	0	0	0	0	0	4	0	1
83043	0	0	0	1	0	0	0	1	1	0	0	0	0	0	0	0	4	0	0
83243	0	0	1	1	0	1	1	0	0	0	0	0	0	0	0	0	4	0	0
83443	0	0	1	1	1	0	1	1	1	0	0	0	0	0	0	0	3	0	0
83644	0	0	0	1	0	1	0	1	0	0	0	0	0	0	0	0	4	0	0
83844	0	0	1	1	1	1	1	1	1	0	0	0	0	0	0	0	4	0	0
84044	0	0	0	1	0	1	1	0	0	0	0	0	0	0	0	0	4	0	0
84244	0	0	0	0	0	1	1	0	1	0	0	0	0	0	0	0	4	0	0
84444	0	0	0	1	1	1	1	1	0	0	0	0	0	0	0	0	4	0	0
84644	0	0	1	1	1	0	1	1	1	0	0	0	0	0	0	0	4	1	0
84844	0	0	1	1	1	0	1	1	1	0	0	0	0	0	0	0	4	0	0
85044	0	0	1	0	0	1	1	1	1	0	0	0	0	0	0	0	4	0	0
85245	0	0	1	1	0	0	1	1	0	0	0	0	0	0	0	0	4	0	0
85445	0	0	1	0	0	1	1	0	1	0	0	0	0	0	0	0	4	0	0
85645	0	0	0	1	0	1	1	0	0	0	0	0	0	0	0	0	4	0	0
85845	0	0	1	0	0	1	0	1	1	0	0	0	0	0	0	0	4	0	0
86045	0	0	1	1	0	0	1	0	0	0	0	0	0	0	0	0	4	0	0
86245	0	0	1	1	0	0	1	1	1	0	0	0	0	0	0	0	4	0	0
86445	0	0	1	1	0	0	0	1	1	0	0	0	0	0	0	0	4	0	0
86645	0	0	0	1	0	0	0	0	1	0	0	0	0	0	0	0	4	0	0
86846	0	0	1	1	0	0	0	1	1	0	0	0	0	0	0	0	4	0	0
87046	0	0	1	1	0	0	0	1	0	0	0	0	0	0	0	0	4	0	0
87246	0	0	0	0	0	0	0	1	1	0	0	0	0	0	0	0	4	0	0
87446	0	0	1	1	0	0	0	1	1	0	0	0	0	0	0	0	4	0	0
87646	0	0	1	0	0	0	0	1	1	0	0	0	0	0	0	0	4	0	0
87846	0	0	1	1	0	0	0	0	0	0	0	0	0	0	0	0	4	0	0
88046	0	0	0	1	0	0	0	0	1	0	0	0	0	0	0	0	4	0	0
88246	0	0	1	1	0	0	0	0	1	0	0	0	0	0	0	0	4	0	0
88447	0	0	1	0	0	0	0	0	1	0	0	0	0	0	0	0	4	0	0
88647	0	0	2	0	0	0	0	0	1	0	0	0	0	0	0	0	4	0	0
88847	0	0	1	0	0	0	0	0	1	0	0	0	0	0	0	0	4	0	0
89047	0	0	2	0	0	0	0	0	2	0	0	0	0	0	0	0	4	0	0
89247	0	0	2	0	0	0	0	0	2	0	0	0	0	0	0	0	4	0	0
89447	0	0	1	0	0	0	0	0	1	0	0	0	0	0	0	0	4	0	0
89647	0	0	1	0	0	0	0	0	1	0	0	0	0	0	0	0	0	0	0
89847	0	0	0	0	0	0	0	0	1	0	0	0	0	0	0	0	0	0	0
90048	0	0	0	0	0	0	0	0	1	0	0	0	0	0	0	0	0	0	0
90248	0	0	0	0	0	0	0	0	2	0	0	0	0	0	0	0	0	0	0
90448	0	0	0	0	0	0	0	0	1	0	0	0	0	0	0	0	0	0	0
90648	0	0	0	0	0	0	0	0	1	0	0	0	0	0	0	0	0	0	0
90848	0	0	0	0	0	0	0	0	1	0	0	0	0	0	0	0	0	0	0
91048	0	0	0	0	0	0	0	0	1	0	0	0	0	0	0	0	0	0	0
91248	0	0	0	0	0	0	0	0	1	0	0	0	0	0	0	0	0	0	0
91448	0	0	0	0	0	0	0	0	1	0	0	0	0	0	0	0	0	0	0
91649	0	0	0	0	0	0	0	0	1	0	0	0	0	0	0	0	0	0	0
91849	0	0	0	0	0	0	0	0	1	0	0	0	0	0	0	0	0	0	0
92049	0	0	0	0	0	0	0	0	1	0	0	0	0	0	0	0	0	0	0
92249	0	0	0	0	0	0	0	0	1	0	0	0	0	0	0	0	0	0	0
92449	0	0	0	0	0	0	0	0	1	0	0	0	0	0	0	0	0	0	0
92649	0	0	0	0	0	0	0	0	1	0	0	0	0	0	0	0	0	0	0
92849	0	0	0	0	0	0	0	0	1	0	0	0	0	0	0	0	0	0	0
93049	0	0	0	0	0	0	0	0	1	0	0	0	0	0	0	0	0	0	0
93249	0	0	0	0	0	0	0	0	1	0	0	0	0	0	0	0	0	0	0
93450	0	0	0	0	0	0	0	0	1	0	0	0	0	0	0	0	0	0	0
93650	0	0	0	0	0	0	0	0	1	0	0	0	0	0	0	0	0	0	0
93850	0	0	0	0	0	0	0	0	1	0	0	0	0	0	0	0	0	0	0
94050	0	0	0	0	0	0	0	0	1	0	0	0	0	0	0	0	0	0	0
94250	0	0	0	0	0	0	0	0	1	0	0	0	0	0	0	0	0	0	0
94450	0	0	0	0	0	0	0	0	1	0	0	0	0	0	0	0	0	0	0
94650	0	0	0	0	0	0	0	0	1	0	0	0	0	0	0	0	0	0	0
94851	0	0	0	0	0	0	0	0	1	0	0	0	0	0	0	0	0	0	0
95051	0	0	0	0	0	0	0	0	1	0	0	0	0	0	0	0	0	0	0
95251	0	0	0	0	0	0	0	0	1	0	0	0	0	0	0	0	0	0	0
95451	0	0	0	0	0	0	0	0	1	0	0	0	0	0	0	0	0	0	0
95651	0	0	0	0	0	0	0	0	1	0	0	0	0	0	0	0	0	0	0
95851	0	0	0	0	0	0	0	0	1	0	0	0	0	0	0	0	0	0	0
96051	0	0	0	0	0	0	0	0	1	0	0	0	0	0	0	0	0	0	0
96251	0	0	0	0	0	0	0	0	1	0	0	0	0	0	0	0	0	0	0
96452	0	0	0	0	0	0	0	0	1	0	0	0	0	0	0	0	0	0	0
96652	0	0	0	0	0	0	0	0	1	0	0	0	0	0	0	0	0	0	0
96852	0	0	0	0	0	0	0	0	1	0	0	0	0	0	0	0	0	0	0
97052	0	0	0	0	0	0	0	0	1	0	0	0	0	0	0	0	0	0	0
97252	0	0	0	0	0	0	0	0	1	0	0	0	0	0	0	0	0	0	0
97452	0	0	0	0	0	0	0	0	1	0	0	0	0	0	0	0	0	0	0
97652	0	0	0	0	0	0	0	0	1	0	0	0	0	0	0	0	0	0	0
97852	0	0	0	0	0	0	0	0	1	0	0	0	0	0	0	0	0	0	0
98052	0	0	0	0	0	0	0	0	1	0	0	0	0	0	0	0	0	0	0
98253	0	0	0	0	0	0	0	0	1	0	0	0	0	0	0	0	0	0	0
98453	0	0	0	0	0	0	0	0	1	0	0	0	0	0	0	0	0	0	0
98653	0	0	0	0	0	0	0	0	1	0	0	0	0	0	0	0	0	0	0
98853	0	0	0	0	0	0	0	0	1	0	0	0	0	0	0	0	0	0	0
99053	0	0	0	0	0	0	0	0	1	0	0	0	0	0	0	0	0	0	0
99253	0	0	0	0	0	0	0	0	1	0	0	0	0	0	0	0	0	0	0
99453	0	0	0	0	0	0	0	0	1	0	0	0	0	0	0	0	0	0	0
99653	0	0	0	0	0	0	0	0	1	0	0	0	0	0	0	0	0	0	0
99854	0	0	0	0	0	0	0	0	1	0	0	0	0	0	0	0	0	0	0
100054	0	0	0	0	0	0	0	0	1	0	0	0	0	0	0	0	0	0	0
100254	0	0	0	0	0	0	0	0	1	0	0	0	0	0	0	0	0	0	0
100454	0	0	0	0	0	0	0	0	1	0	0	0	0	0	0	0	0	0	0
100654	0	0	0	0	0	0	0	0	1	0	0	0	0	0	0	0	0	0	0
100854	0	0	0	0	0	0	0	0	1	0	0	0	0	0	0	0	0	0	0
101054	0	0	0	0	0	0	0	0	1	0	0	0	0	0	0	0	0	0	0
101254	0	0	0	0	0	0	0	0	1	0	0	0	0	0	0	0	0	0	0
101454	0	0	0	0	0	0	0	0	1	0	0	0	0	0	0	0	0	0	0
101654	0	0	0	0	0	0	0	0	1	0	0	0	0	0	0	0	0	0	0
101855	0	0	0	0	0	0	0	0	1	0	0	0	0	0	0	0	0	0	0
102055	0	0	0	0	0	0	0	0	1	0	0	0	0	0	0	0	0	0	0
102255	0	0	0	0	0	0	0	0	1	0	0	0	0	0	0	0	0	0	0
102455	0	0	0	0	0	0	0	0	1	0	0	0	0	0	0	0	0	0	0
102655	0	0	0	0	0	0	0	0	1	0	0	0	0	0	0	0	0	0	0
102855	0	0	0	0	0	0	0	0	1	0	0	0	0	0	0	0	0	0	0
103055	0	0	0	0	0	0	0	0	1	0	0	0	0	0	0	0	0	0	0
103255	0	0	0	0	0	0	0	0	1	0	0	0	0	0	0	0	0	0	0
103455	0	0	0	0	0	0	0	0	1	0	0	0	0	0	0	0	0	0	0
103656	0	0	0	0	0	0	0	0	1	0	0	0	0	0	0	0	0	0	0
103856	0	0	0	0	0	0	0	0	1	0	0	0	0	0	0	0	0	0	0
104056	0	0	0	0	0	0	0	0	1	0	0	0	0	0	0	0	0	0	0
104256	0	0	0	0	0	0	0	0	1	0	0	0	0	0	0	0	0	0	0
104456	0	0	0	0	0	0	0	0	1	0	0	0	0	0	0	0	0	0	0
104656	0	0	0	0	0	0	0	0	1	0	0	0	0	0	0	0	0	0	0
104856	0	0	0	0	0	0	0	0	1	0	0	0	0	0	0	0	0	0	0
105056	0	0	0	0	0	0	0	0	1	0	0	0	0	0	0	0	0	0	0
105257	0	0	0	0	0	0	0	0	1	0	0	0	0	0	0	0	0	0	0
105457	0	0	0	0	0	0	0	0	1	0	0	0	0	0	0	0	0	0	0
105657	0	0	0	0	0	0	0	0	1	0	0	0	0	0	0	0	0	0	0
105857	0	0	0	0	0	0	0	0	1	0	0	0	0	0	0	0	0	0	0
106057	0	0	0	0	0	0	0	0	1	0	0	0	0	0	0	0	0	0	0
106257	0	0	0	0	0	0	0	0	1	0	0	0	0	0	0	0	0	0	0
106457	0	0	0	0	0	0	0	0	1	0	0	0	0	0	0	0	0	0	0
106658	0	0	0	0	0	0	0	0	1	0	0	0	0	0	0	0	0	0	0
106858	0	0	0	0	0	0	0	0	1	0	0	0	0	0	0	0	0	0	0
107058	0	0	0	0	0	0	0	0	1	0	0	0	0	0	0	0	0	0	0
107258	0	0	0	0	0	0	0	0	1	0	0	0	0	0	0	0	0	0	0
107458	0	0	0	0	0	0	0	0	1	0	0	0	0	0	0	0	0	0	0
107658	0	0	0	0	0	0	0	0	1	0	0	0	0	0	0	0	0	0	0
107858	0	0	0	0	0	0	0	0	1	0	0	0	0	0	0	0	0	0	0
108058	0	0	0	0	0	0	0	0	1	0	0	0	0	0	0	0	0	0	0
108259	0	0	0	0	0	0	0	0	1	0	0	0	0	0	0	0	0	0	0
108459	0	0	0	0	0	0	0	0	1	0	0	0	0	0	0	0	0	0	0
108659	0	0	0	0	0	0	0	0	1	0	0	0	0	0	0	0	0	0	0
108859	0	0	0	0	0	0	0	0	1	0	0	0	0	0	0	0	0	0	0
109059	0	0	0	0	0	0	0	0	1	0	0	0	0	0	0	0	0	0	0
109259	0	0	0	0	0	0	0	0	1	0	0	0	0	0	0	0	0	0	0
109459	0	0	0	0	0	0	0	0	1	0	0	0	0	0	0	0	0	0	0
109659	0	0	0	0	0	0	0	0	1	0	0	0	0	0	0	0	0	0	0
109860	0	0	0	0	0	0	0	0	1	0	0	0	0	0	0	0	0	0	0
110060	0	0	0	0	0	0	0	0	1	0	0	0	0	0	0	0	0	0	0
110260	0	0	0	0	0	0	0	0	1	0	0	0	0	0	0	0	0	0	0
110460	0	0	0	0	0	0	0	0	1	0	0	0	0	0	0	0	0	0	0
110660	0	0	0	0	0	0	0	0	1	0	0	0	0	0	0	0	0	0	0
110860	0	0	0	0	0	0	0	0	1	0	0	0	0	0	0	0	0	0	0
111060	0	0	0	0	0	0	0	0	1	0	0	0	0	0	0	0	0	0	0
111261	0	0	0	0	0	0	0	0	1	0	0	0	0	0	0	0	0	0	0
111461	0	0	0	0	0	0	0	0	1	0	0	0	0	0	0	0	0	0	0
111661	0	0	0	0	0	0	0	0	1	0	0	0	0	0	0	0	0	0	0
111861	0	0	0	0	0	0	0	0	1	0	0	0	0	0	0	0	0	0	0
112061	0	0	0	0	0	0	0	0	1	0	0	0	0	0	0	0	0	0	0
112261	0	0	0	0	0	0	0	0	1	0	0	0	0	0	0	0	0	0	0
112461	0	0	0	0	0	0	0	0	1	0	0	0	0	0	0	0	0	0	0
112661	0	0	0	0	0	0	0	0	1	0	0	0	0	0	0	0	0	0	0
112862	0	0	0	0	0	0	0	0	1	0	0	0	0	0	0	0	0	0	0
113062	0	0	0	0	0	0	0	0	1	0	0	0	0	0	0	0	0	0	0
113262	0	0	0	0	0	0	0	0	1	0	0	0	0	0	0	0	0	0	0
113462	0	0	0	0	0	0	0	0	1	0	0	0	0	0	0	0	0	0	0
113662	0	0	0	0	0	0	0	0	1	0	0	0	0	0	0	0	0	0	0
113862	0	0	0	0	0	0	0	0	1	0	0	0	0	0	0	0	0	0	0
114062	0	0	0	0	0	0	0	0	1	0	0	0	0	0	0	0	0	0	0
114262	0	0	0	0	0	0	0	0	1	0	0	0	0	0	0	0	0	0	0
114462	0	0	0	0	0	0	0	0	1	0	0	0	0	0	0	0	0	0	0
114663	0	0	0	0	0	0	0	0	1	0	0	0	0	0	0	0	0	0	0
114863	0	0	0	0	0	0	0	0	1	0	0	0	0	0	0	0	0	0	0
115063	0	0	0	0	0	0	0	0	1	0	0	0	0	0	0	0	0	0	0
115263	0	0	0	0	0	0	0	0	1	0	0	0	0	0	0	0	0	0	0
115463	0	0	0	0	0	0	0	0	1	0	0	0	0	0	0	0	0	0	0
115663	0	0	0	0	0	0	0	0	1	0	0	0	0	0	0	0	0	0	0
115863	0	0	0	0	0	0	0	0	1	0	0	0	0	0	0	0	0	0	0
116063	0	0	0	0	0	0	0	0	1	0	0	0	0	0	0	0	0	0	0
116264	0	0	0	0	0	0	0	0	1	0	0	0	0	0	0	0	0	0	0
116464	0	0	0	0	0	0	0	0	1	0	0	0	0	0	0	0	0	0	0
116664	0	0	0	0	0	0	0	0	1	0	0	0	0	0	0	0	0	0	0
116864	0	0	0	0	0	0	0	0	1	0	0	0	0	0	0	0	0	0	0
117064	0	0	0	0	0	0	0	0	1	0	0	0	0	0	0	0	0	0	0
117264	0	0	0	0	0	0	0	0	1	0	0	0	0	0	0	0	0	0	0
117464	0	0	0	0	0	0	0	0	1	0	0	0	0	0	0	0	0	0	0
117664	0	0	0	0	0	0	0	0	1	0	0	0	0	0	0	0	0	0	0
117864	0	0	0	0	0	0	0	0	1	0	0	0	0	0	0	0	0	0	0
118065	0	0	0	0	0	0	0	0	1	0	0	0	0	0	0	0	0	0	0
118265	0	0	0	0	0	0	0	0	1	0	0	0	0	0	0	0	0	0	0
118465	0	0	0	0	0	0	0	0	1	0	0	0	0	0	0	0	0	0	0
118665	0	0	0	0	0	0	0	0	1	0	0	0	0	0	0	0	0	0	0
118865	0	0	0	0	0	0	0	0	1	0	0	0	0	0	0	0	0	0	0
119065	0	0	0	0	0	0	0	0	1	0	0	0	0	0	0	0	0	0	0
119265	0	0	0	0	0	0	0	0	1	0	0	0	0	0	0	0	0	0	0
119465	0	0	0	0	0	0	0	0	1	0	0	0	0	0	0	0	0	0	0
119666	0	0	0	0	0	0	0	0	1	0	0	0	0	0	0	0	0	0	0
119866	0	0	0	0	0	0	0	0	1	0	0	0	0	0	0	0	0	0	0
120066	0	0	0	0	0	0	0	0	1	0	0	0	0	0	0	0	0	0	0
120266	0	0	0	0	0	0	0	0	1	0	0	0	0	0	0	0	0	0	0
120466	0	0	0	0	0	0	0	0	1	0	0	0	0	0	0	0	0	0	0
120666	0	0	0	0	0	0	0	0	1	0	0	0	0	0	0	0	0	0	0
120866	0	0	0	0	0	0	0	0	1	0	0	0	0	0	0	0	0	0	0
121066	0	0	0	0	0	0	0	0	1	0	0	0	0	0	0	0	0	0	0
121266	0	0	0	0	0	0	0	0	1	0	0	0	0	0	0	0	0	0	0
121467	0	0	0	0	0	0	0	0	1	0	0	0	0	0	0	0	0	0	0
121667	0	0	0	0	0	0	0	0	1	0	0	0	0	0	0	0	0	0	0
121867	0	0	0	0	0	0	0	0	1	0	0	0	0	0	0	0	0	0	0
122067	0	0	0	0	0	0	0	0	1	0	0	0	0	0	0	0	0	0	0
122267	0	0	0	0	0	0	0	0	1	0	0	0	0	0	0	0	0	0	0
122467	0	0	0	0	0	0	0	0	1	0	0	0	0	0	0	0	0	0	0
122667	0	0	0	0	0	0	0	0	1	0	0	0	0	0	0	0	0	0	0
122867	0	0	0	0	0	0	0	0	1	0	0	0	0	0	0	0	0	0	0
123067	0	0	0	0	0	0	0	0	1	0	0	0	0	0	0	0	0	0	0
123268	0	0	0	0	0	0	0	0	1	0	0	0	0	0	0	0	0	0	0
123468	0	0	0	0	0	0	0	0	1	0	0	0	0	0	0	0	0	0	0
123668	0	0	0	0	0	0	0	0	1	0	0	0	0	0	0	0	0	0	0
123868	0	0	0	0	0	0	0	0	1	0	0	0	0	0	0	0	0	0	0
124068	0	0	0	0	0	0	0	0	1	0	0	0	0	0	0	0	0	0	0
124268	0	0	0	0	0	0	0	0	1	0	0	0	0	0	0	0	0	0	0
124468	0	0	0	0	0	0	0	0	1	0	0	0	0	0	0	0	0	0	0
124668	0	0	0	0	0	0	0	0	1	0	0	0	0	0	0	0	0	0	0
124868	0	0	0	0	0	0	0	0	1	0	0	0	0	0	0	0	0	0	0
125069	0	0	0	0	0	0	0	0	1	0	0	0	0	0	0	0	0	0	0
125269	0	0	0	0	0	0	0	0	1	0	0	0	0	0	0	0	0	0	0
125469	0	0	0	0	0	0	0	0	1	0	0	0	0	0	0	0	0	0	0
125669	0	0	0	0	0	0	0	0	1	0	0	0	0	0	0	0	0	0	0
125869	0	0	0	0	0	0	0	0	1	0	0	0	0	0	0	0	0	0	0
126069	0	0	0	0	0	0	0	0	1	0	0	0	0	0	0	0	0	0	0
126269	0	0	0	0	0	0	0	0	1	0	0	0	0	0	0	0	0	0	0
126469	0	0	0	0	0	0	0	0	1	0	0	0	0	0	0	0	0	0	0
126669	0	0	0	0	0	0	0	0	1	0	0	0	0	0	0	0	0	0	0
126870	0	0	0	0	0	0	0	0	1	0	0	0	0	0	0	0	0	0	0
127070	0	0	0	0	0	0	0	0	1	0	0	0	0	0	0	0	0	0	0
127270	0	0	0	0	0	0	0	0	1	0	0	0	0	0	0	0	0	0	0
127470	0	0	0	0	0	0	0	0	1	0	0	0	0	0	0	0	0	0	0
127670	0	0	0	0	0	0	0	0	1	0	0	0	0	0	0	0	0	0	0
127870	0	0	0	0	0	0	0	0	1	0	0	0	0	0	0	0	0	0	0
128070	0	0	0	0	0	0	0	0	1	0	0	0	0	0	0	0	0	0	0
128270	0	0	0	0	0	0	0	0	1	0	0	0	0	0	0	0	0	0	0
128470	0	0	0	0	0	0	0	0	1	0	0	0	0	0	0	0	0	0	0
128671	0	0	0	0	0	0	0	0	1	0	0	0	0	0	0	0	0	0	0
128871	0	0	0	0	0	0	0	0	1	0	0	0	0	0	0	0	0	0	0
129071	0	0	0	0	0	0	0	0	1	0	0	0	0	0	0	0	0	0	0
129271	0	0	0	0	0	0	0	0	1	0	0	0	0	0	0	0	0	0	0
129471	0	0	0	0	0	0	0	0	1	0	0	0	0	0	0	0	0	0	0
129671	0	0	0	0	0	0	0	0	1	0	0	0	0	0	0	0	0	0	0
129871	0	0	0	0	0	0	0	0	1	0	0	0	0	0	0	0	0	0	0
130071	0	0	0	0	0	0	0	0	1	0	0	0	0	0	0	0	0	0	0
130271	0	0	0	0	0	0	0	0	1	0	0	0	0	0	0	0	0	0	0
130471	0	0	0	0	0	0	0	0	1	0	0	0	0	0	0	0	0	0	0
130672	0	0	0	0	0	0	0	0	1	0	0	0	0	0	0	0	0	0	0
130872	0	0	0	0	0	0	0	0	1	0	0	0	0	0	0	0	0	0	0
131072	0	0	0	0	0	0	0	0	1	0	0	0	0	0	0	0	0	0	0
131272	0	0	0	0	0	0	0	0	1	0	0	0	0	0	0	0	0	0	0
131472	0	0	0	0	0	0	0	0	1	0	0	0	0	0	0	0	0	0	0
131672	0	0	0	0	0	0	0	0	1	0	0	0	0	0	0	0	0	0	0
131872	0	0	0	0	0	0	0	0	1	0	0	0	0	0	0	0	0	0	0
132072	0	0	0	0	0	0	0	0	1	0	0	0	0	0	0	0	0	0	0
132273	0	0	0	0	0	0	0	0	1	0	0	0	0	0	0	0	0	0	0
132473	0	0	0	0	0	0	0	0	1	0	0	0	0	0	0	0	0	0	0
132673	0	0	0	0	0	0	0	0	1	0	0	0	0	0	0	0	0	0	0
132873	0	0	0	0	0	0	0	0	1	0	0	0	0	0	0	0	0	0	0
133073	0	0	0	0	0	0	0	0	1	0	0	0	0	0	0	0	0	0	0
133273	0	0	0	0	0	0	0	0	1	0	0	0	0	0	0	0	0	0	0
133473	0	0	0	0	0	0	0	0	1	0	0	0	0	0	0	0	0	0	0
133673	0	0	0	0	0	0	0	0	1	0	0	0	0	0	0	0	0	0	0
133873	0	0	0	0	0	0	0	0	1	0	0	0	0	0	0	0	0	0	0
134074	0	0	0	0	0	0	0	0	1	0	0	0	0	0	0	0	0	0	0
134274	0	0	0	0	0	0	0	0	1	0	0	0	0	0	0	0	0	0	0
134474	0	0	0	0	0	0	0	0	1	0	0	0	0	0	0	0	0	0	0
134674	0	0	0	0	0	0	0	0	1	0	0	0	0	0	0	0	0	0	0
134874	0	0	0	0	0	0	0	0	1	0	0	0	0	0	0	0	0	0	0
135074	0	0	0	0	0	0	0	0	1	0	0	0	0	0	0	0	0	0	0
135274	0	0	0	0	0	0	0	0	1	0	0	0	0	0	0	0	0	0	0
135474	0	0	0	0	0	0	0	0	1	0	0	0	0	0	0	0	0	0	0
135674	0	0	0	0	0	0	0	0	1	0	0	0	0	0	0	0	0	0	0
135875	0	0	0	0	0	0	0	0	1	0	0	0	0	0	0	0	0	0	0
136075	0	0	0	0	0	0	0	0	1	0	0	0	0	0	0	0	0	0	0
136275	0	0	0	0	0	0	0	0	1	0	0	0	0	0	0	0	0	0	0
136475	0	0	0	0	0	0	0	0	1	0	0	0	0	0	0	0	0	0	0
136675	0	0	0	0	0	0	0	0	1	0	0	0	0	0	0	0	0	0	0
136875	0	0	0	0	0	0	0	0	1	0	0	0	0	0	0	0	0	0	0
137075	0	0	0	0	0	0	0	0	1	0	0	0	0	0	0	0	0	0	0
137275	0	0	0	0	0	0	0	0	1	0	0	0	0	0	0	0	0	0	0
137475	0	0	0	0	0	0	0	0	1	0	0	0	0	0	0	0	0	0	0
137676	0	0	0	0	0	0	0	0	1	0	0	0	0	0	0	0	0	0	0
137876	0	0	0	0	0	0	0	0	1	0	0	0	0	0	0	0	0	0	0
138076	0	0	0	0	0	0	0	0	1	0	0	0	0	0	0	0	0	0	0
138276	0	0	0	0	0	0	0	0	1	0	0	0	0	0	0	0	0	0	0
